c:\users\10913\desktop\zuoye\graphics2020\赵中源22051049\project1\project1\x64\debug\vc142.pdb
c:\users\10913\desktop\zuoye\graphics2020\赵中源22051049\project1\project1\x64\debug\vc142.idb
c:\users\10913\desktop\zuoye\graphics2020\赵中源22051049\project1\project1\x64\debug\glad.obj
c:\users\10913\desktop\zuoye\graphics2020\赵中源22051049\project1\project1\x64\debug\shader.obj
c:\users\10913\desktop\zuoye\graphics2020\赵中源22051049\project1\project1\x64\debug\mesh.obj
c:\users\10913\desktop\zuoye\graphics2020\赵中源22051049\project1\project1\x64\debug\main.obj
c:\users\10913\desktop\zuoye\graphics2020\赵中源22051049\project1\project1\x64\debug\glm.obj
c:\users\10913\desktop\zuoye\graphics2020\赵中源22051049\project1\project1\x64\debug\imgui_widgets.obj
c:\users\10913\desktop\zuoye\graphics2020\赵中源22051049\project1\project1\x64\debug\imgui_impl_opengl3.obj
c:\users\10913\desktop\zuoye\graphics2020\赵中源22051049\project1\project1\x64\debug\imgui_impl_glfw.obj
c:\users\10913\desktop\zuoye\graphics2020\赵中源22051049\project1\project1\x64\debug\imgui_draw.obj
c:\users\10913\desktop\zuoye\graphics2020\赵中源22051049\project1\project1\x64\debug\imgui.obj
c:\users\10913\desktop\zuoye\graphics2020\赵中源22051049\project1\x64\debug\project1.pdb
c:\users\10913\desktop\zuoye\graphics2020\赵中源22051049\project1\project1\x64\debug\project1.tlog\cl.command.1.tlog
c:\users\10913\desktop\zuoye\graphics2020\赵中源22051049\project1\project1\x64\debug\project1.tlog\cl.read.1.tlog
c:\users\10913\desktop\zuoye\graphics2020\赵中源22051049\project1\project1\x64\debug\project1.tlog\cl.write.1.tlog
c:\users\10913\desktop\zuoye\graphics2020\赵中源22051049\project1\project1\x64\debug\project1.tlog\link-cvtres.read.1.tlog
c:\users\10913\desktop\zuoye\graphics2020\赵中源22051049\project1\project1\x64\debug\project1.tlog\link-cvtres.write.1.tlog
c:\users\10913\desktop\zuoye\graphics2020\赵中源22051049\project1\project1\x64\debug\project1.tlog\link-rc.read.1.tlog
c:\users\10913\desktop\zuoye\graphics2020\赵中源22051049\project1\project1\x64\debug\project1.tlog\link-rc.write.1.tlog
c:\users\10913\desktop\zuoye\graphics2020\赵中源22051049\project1\project1\x64\debug\project1.tlog\link.command.1.tlog
c:\users\10913\desktop\zuoye\graphics2020\赵中源22051049\project1\project1\x64\debug\project1.tlog\link.read.1.tlog
c:\users\10913\desktop\zuoye\graphics2020\赵中源22051049\project1\project1\x64\debug\project1.tlog\link.write.1.tlog
