  main.cpp
C:\Users\52781\Desktop\graphics2020\22051150李浩雨\编程作业1\homework_1\main.cpp(36,11): warning C4244: “=”: 从“double”转换到“float”，可能丢失数据
C:\Users\52781\Desktop\graphics2020\22051150李浩雨\编程作业1\homework_1\main.cpp(37,11): warning C4244: “=”: 从“double”转换到“float”，可能丢失数据
C:\Users\52781\Desktop\graphics2020\22051150李浩雨\编程作业1\homework_1\main.cpp(42,16): warning C4244: “=”: 从“double”转换到“float”，可能丢失数据
C:\Users\52781\Desktop\graphics2020\22051150李浩雨\编程作业1\homework_1\main.cpp(43,16): warning C4244: “=”: 从“double”转换到“float”，可能丢失数据
C:\Users\52781\Desktop\graphics2020\22051150李浩雨\编程作业1\homework_1\main.cpp(45,10): warning C4244: “=”: 从“double”转换到“float”，可能丢失数据
C:\Users\52781\Desktop\graphics2020\22051150李浩雨\编程作业1\homework_1\main.cpp(46,10): warning C4244: “=”: 从“double”转换到“float”，可能丢失数据
C:\Users\52781\Desktop\graphics2020\22051150李浩雨\编程作业1\homework_1\main.cpp(54,17): warning C4244: “-=”: 从“double”转换到“float”，可能丢失数据
main.obj : error LNK2019: 无法解析的外部符号 glewInit，函数 main 中引用了该符号
main.obj : error LNK2001: 无法解析的外部符号 __glewGetUniformLocation
main.obj : error LNK2001: 无法解析的外部符号 __glewUniformMatrix4fv
main.obj : error LNK2001: 无法解析的外部符号 glewExperimental
material.obj : error LNK2019: 无法解析的外部符号 __imp___glewGetUniformLocation，函数 "public: void __cdecl Material::SetUniform1f(char const *,float)" (?SetUniform1f@Material@@QEAAXPEBDM@Z) 中引用了该符号
material.obj : error LNK2019: 无法解析的外部符号 __imp___glewUniform1f，函数 "public: void __cdecl Material::SetUniform1f(char const *,float)" (?SetUniform1f@Material@@QEAAXPEBDM@Z) 中引用了该符号
material.obj : error LNK2019: 无法解析的外部符号 __imp___glewUniform1i，函数 "public: void __cdecl Material::SetUniform1i(char const *,int)" (?SetUniform1i@Material@@QEAAXPEBDH@Z) 中引用了该符号
material.obj : error LNK2019: 无法解析的外部符号 __imp___glewUniform3f，函数 "public: void __cdecl Material::SetUniform3f(char const *,struct glm::vec<3,float,0>)" (?SetUniform3f@Material@@QEAAXPEBDU?$vec@$02M$0A@@glm@@@Z) 中引用了该符号
material.obj : error LNK2019: 无法解析的外部符号 __imp___glewUniform4f，函数 "public: void __cdecl Material::SetUniform4f(char const *,struct glm::vec<4,float,0>)" (?SetUniform4f@Material@@QEAAXPEBDU?$vec@$03M$0A@@glm@@@Z) 中引用了该符号
mesh.obj : error LNK2019: 无法解析的外部符号 __imp___glewActiveTexture，函数 "public: void __cdecl Mesh::Draw(class Material *)" (?Draw@Mesh@@QEAAXPEAVMaterial@@@Z) 中引用了该符号
mesh.obj : error LNK2019: 无法解析的外部符号 __imp___glewBindBuffer，函数 "private: void __cdecl Mesh::setupMesh(void)" (?setupMesh@Mesh@@AEAAXXZ) 中引用了该符号
mesh.obj : error LNK2019: 无法解析的外部符号 __imp___glewBufferData，函数 "private: void __cdecl Mesh::setupMesh(void)" (?setupMesh@Mesh@@AEAAXXZ) 中引用了该符号
mesh.obj : error LNK2019: 无法解析的外部符号 __imp___glewGenBuffers，函数 "private: void __cdecl Mesh::setupMesh(void)" (?setupMesh@Mesh@@AEAAXXZ) 中引用了该符号
mesh.obj : error LNK2019: 无法解析的外部符号 __imp___glewEnableVertexAttribArray，函数 "private: void __cdecl Mesh::setupMesh(void)" (?setupMesh@Mesh@@AEAAXXZ) 中引用了该符号
mesh.obj : error LNK2019: 无法解析的外部符号 __imp___glewVertexAttribPointer，函数 "private: void __cdecl Mesh::setupMesh(void)" (?setupMesh@Mesh@@AEAAXXZ) 中引用了该符号
mesh.obj : error LNK2019: 无法解析的外部符号 __imp___glewBindVertexArray，函数 "public: void __cdecl Mesh::Draw(class Material *)" (?Draw@Mesh@@QEAAXPEAVMaterial@@@Z) 中引用了该符号
mesh.obj : error LNK2019: 无法解析的外部符号 __imp___glewGenVertexArrays，函数 "private: void __cdecl Mesh::setupMesh(void)" (?setupMesh@Mesh@@AEAAXXZ) 中引用了该符号
model.obj : error LNK2019: 无法解析的外部符号 __imp___glewGenerateMipmap，函数 "private: unsigned int __cdecl Model::LoadTextureFromFile(char const *,class std::basic_string<char,struct std::char_traits<char>,class std::allocator<char> > const &)" (?LoadTextureFromFile@Model@@AEAAIPEBDAEBV?$basic_string@DU?$char_traits@D@std@@V?$allocator@D@2@@std@@@Z) 中引用了该符号
shader.obj : error LNK2001: 无法解析的外部符号 __glewAttachShader
shader.obj : error LNK2001: 无法解析的外部符号 __glewCompileShader
shader.obj : error LNK2001: 无法解析的外部符号 __glewCreateProgram
shader.obj : error LNK2001: 无法解析的外部符号 __glewCreateShader
shader.obj : error LNK2001: 无法解析的外部符号 __glewDeleteShader
shader.obj : error LNK2001: 无法解析的外部符号 __glewGetProgramInfoLog
shader.obj : error LNK2001: 无法解析的外部符号 __glewGetProgramiv
shader.obj : error LNK2001: 无法解析的外部符号 __glewGetShaderInfoLog
shader.obj : error LNK2001: 无法解析的外部符号 __glewGetShaderiv
shader.obj : error LNK2001: 无法解析的外部符号 __glewLinkProgram
shader.obj : error LNK2001: 无法解析的外部符号 __glewShaderSource
shader.obj : error LNK2001: 无法解析的外部符号 __glewUseProgram
..\packages\glew.1.9.0.1\build\native\lib\v110\Win32\Debug\static\glew.lib : warning LNK4272: 库计算机类型“x86”与目标计算机类型“x64”冲突
C:\Users\52781\Desktop\graphics2020\22051150李浩雨\编程作业1\x64\Debug\homework_1.exe : fatal error LNK1120: 30 个无法解析的外部命令
