  modelTest.cpp
E:\code\OpenGL\tr\OpenGL\include\learnopengl\shader_m.h(56,40): warning C4101: “e”: 未引用的局部变量
E:\code\OpenGL\Project4\modelTest.cpp(166,28): warning C4244: “初始化”: 从“double”转换到“float”，可能丢失数据
E:\code\OpenGL\Project4\modelTest.cpp(195,62): warning C4305: “参数”: 从“double”到“float”截断
E:\code\OpenGL\Project4\modelTest.cpp(196,66): warning C4305: “参数”: 从“double”到“float”截断
E:\code\OpenGL\Project4\modelTest.cpp(203,62): warning C4305: “参数”: 从“double”到“float”截断
E:\code\OpenGL\Project4\modelTest.cpp(204,66): warning C4305: “参数”: 从“double”到“float”截断
E:\code\OpenGL\Project4\modelTest.cpp(211,62): warning C4305: “参数”: 从“double”到“float”截断
E:\code\OpenGL\Project4\modelTest.cpp(212,66): warning C4305: “参数”: 从“double”到“float”截断
E:\code\OpenGL\Project4\modelTest.cpp(219,62): warning C4305: “参数”: 从“double”到“float”截断
E:\code\OpenGL\Project4\modelTest.cpp(220,66): warning C4305: “参数”: 从“double”到“float”截断
E:\code\OpenGL\Project4\modelTest.cpp(228,57): warning C4305: “参数”: 从“double”到“float”截断
E:\code\OpenGL\Project4\modelTest.cpp(229,61): warning C4305: “参数”: 从“double”到“float”截断
E:\code\OpenGL\Project4\modelTest.cpp(316,17): warning C4244: “=”: 从“double”转换到“float”，可能丢失数据
E:\code\OpenGL\Project4\modelTest.cpp(317,17): warning C4244: “=”: 从“double”转换到“float”，可能丢失数据
E:\code\OpenGL\Project4\modelTest.cpp(321,19): warning C4244: “初始化”: 从“double”转换到“float”，可能丢失数据
E:\code\OpenGL\Project4\modelTest.cpp(322,19): warning C4244: “初始化”: 从“double”转换到“float”，可能丢失数据
E:\code\OpenGL\Project4\modelTest.cpp(324,13): warning C4244: “=”: 从“double”转换到“float”，可能丢失数据
E:\code\OpenGL\Project4\modelTest.cpp(325,13): warning C4244: “=”: 从“double”转换到“float”，可能丢失数据
E:\code\OpenGL\Project4\modelTest.cpp(334,31): warning C4244: “参数”: 从“double”转换到“float”，可能丢失数据
  Project4.vcxproj -> E:\code\OpenGL\Project4\Debug\Project4.exe
