  camera.cpp
C:\Users\52781\Desktop\graphics2020\22051150李浩雨\编程作业1\homework_1\camera.cpp(46,29): warning C4244: “=”: 从“double”转换到“float”，可能丢失数据
  light.cpp
C:\Users\52781\Desktop\graphics2020\22051150李浩雨\编程作业1\homework_1\light.cpp(29,28): warning C4244: “=”: 从“double”转换到“T”，可能丢失数据
          with
          [
              T=float
          ]
  main.cpp
C:\Users\52781\Desktop\graphics2020\22051150李浩雨\编程作业1\homework_1\main.cpp(36,11): warning C4244: “=”: 从“double”转换到“float”，可能丢失数据
C:\Users\52781\Desktop\graphics2020\22051150李浩雨\编程作业1\homework_1\main.cpp(37,11): warning C4244: “=”: 从“double”转换到“float”，可能丢失数据
C:\Users\52781\Desktop\graphics2020\22051150李浩雨\编程作业1\homework_1\main.cpp(42,16): warning C4244: “=”: 从“double”转换到“float”，可能丢失数据
C:\Users\52781\Desktop\graphics2020\22051150李浩雨\编程作业1\homework_1\main.cpp(43,16): warning C4244: “=”: 从“double”转换到“float”，可能丢失数据
C:\Users\52781\Desktop\graphics2020\22051150李浩雨\编程作业1\homework_1\main.cpp(45,10): warning C4244: “=”: 从“double”转换到“float”，可能丢失数据
C:\Users\52781\Desktop\graphics2020\22051150李浩雨\编程作业1\homework_1\main.cpp(46,10): warning C4244: “=”: 从“double”转换到“float”，可能丢失数据
C:\Users\52781\Desktop\graphics2020\22051150李浩雨\编程作业1\homework_1\main.cpp(54,17): warning C4244: “-=”: 从“double”转换到“float”，可能丢失数据
  material.cpp
  mesh.cpp
  model.cpp
C:\Users\52781\Desktop\graphics2020\22051150李浩雨\编程作业1\packages\Assimp.3.0.0\build\native\include\assimp\quaternion.inl(207,15): warning C4244: “=”: 从“double”转换到“TReal”，可能丢失数据
          with
          [
              TReal=float
          ]
C:\Users\52781\Desktop\graphics2020\22051150李浩雨\编程作业1\packages\Assimp.3.0.0\build\native\include\assimp\quaternion.inl(186): message : 在编译 类 模板 成员函数“void aiQuaterniont<float>::Interpolate(aiQuaterniont<float> &,const aiQuaterniont<float> &,const aiQuaterniont<float> &,TReal)”时
          with
          [
              TReal=float
          ]
C:\Users\52781\Desktop\graphics2020\22051150李浩雨\编程作业1\packages\Assimp.3.0.0\build\native\include\assimp\anim.h(435): message : 查看对正在编译的函数 模板 实例化“void aiQuaterniont<float>::Interpolate(aiQuaterniont<float> &,const aiQuaterniont<float> &,const aiQuaterniont<float> &,TReal)”的引用
          with
          [
              TReal=float
          ]
C:\Users\52781\Desktop\graphics2020\22051150李浩雨\编程作业1\packages\Assimp.3.0.0\build\native\include\assimp\anim.h(107): message : 查看对正在编译的 类 模板 实例化“aiQuaterniont<float>”的引用
C:\Users\52781\Desktop\graphics2020\22051150李浩雨\编程作业1\packages\Assimp.3.0.0\build\native\include\assimp\quaternion.inl(208,14): warning C4244: “=”: 从“double”转换到“TReal”，可能丢失数据
          with
          [
              TReal=float
          ]
C:\Users\52781\Desktop\graphics2020\22051150李浩雨\编程作业1\packages\Assimp.3.0.0\build\native\include\assimp\quaternion.inl(209,61): warning C4244: “=”: 从“double”转换到“TReal”，可能丢失数据
          with
          [
              TReal=float
          ]
C:\Users\52781\Desktop\graphics2020\22051150李浩雨\编程作业1\packages\Assimp.3.0.0\build\native\include\assimp\quaternion.inl(210,33): warning C4244: “=”: 从“double”转换到“TReal”，可能丢失数据
          with
          [
              TReal=float
          ]
C:\Users\52781\Desktop\graphics2020\22051150李浩雨\编程作业1\packages\Assimp.3.0.0\build\native\include\assimp\vector3.inl(93,13): warning C4244: “return”: 从“double”转换到“TReal”，可能丢失数据
          with
          [
              TReal=float
          ]
C:\Users\52781\Desktop\graphics2020\22051150李浩雨\编程作业1\packages\Assimp.3.0.0\build\native\include\assimp\vector3.inl(92): message : 在编译 类 模板 成员函数“TReal aiVector3t<TReal>::Length(void) const”时
          with
          [
              TReal=float
          ]
C:\Users\52781\Desktop\graphics2020\22051150李浩雨\编程作业1\packages\Assimp.3.0.0\build\native\include\assimp\vector3.inl(98): message : 查看对正在编译的函数 模板 实例化“TReal aiVector3t<TReal>::Length(void) const”的引用
          with
          [
              TReal=float
          ]
C:\Users\52781\Desktop\graphics2020\22051150李浩雨\编程作业1\packages\Assimp.3.0.0\build\native\include\assimp\vector3.inl(142): message : 在编译 类 模板 成员函数“bool aiVector3t<float>::operator ==(const aiVector3t<float> &) const”时
C:\Users\52781\Desktop\graphics2020\22051150李浩雨\编程作业1\packages\Assimp.3.0.0\build\native\include\assimp\anim.h(82): message : 查看对正在编译的函数 模板 实例化“bool aiVector3t<float>::operator ==(const aiVector3t<float> &) const”的引用
C:\Users\52781\Desktop\graphics2020\22051150李浩雨\编程作业1\packages\Assimp.3.0.0\build\native\include\assimp\types.h(150): message : 查看对正在编译的 类 模板 实例化“aiVector3t<float>”的引用
  shader.cpp
  正在生成代码...
LINK : warning LNK4098: 默认库“LIBCMTD”与其他库的使用冲突；请使用 /NODEFAULTLIB:library
LINK : warning LNK4217: 符号“___glewGetUniformLocation”(在“ glew.lib(glew.obj)”中定义)已由“material.obj”(函数“"public: void __thiscall Material::SetUniform1f(char const *,float)" (?SetUniform1f@Material@@QAEXPBDM@Z)”中)导入
LINK : warning LNK4217: 符号“___glewUniform1f”(在“ glew.lib(glew.obj)”中定义)已由“material.obj”(函数“"public: void __thiscall Material::SetUniform1f(char const *,float)" (?SetUniform1f@Material@@QAEXPBDM@Z)”中)导入
LINK : warning LNK4217: 符号“___glewUniform1i”(在“ glew.lib(glew.obj)”中定义)已由“material.obj”(函数“"public: void __thiscall Material::SetUniform1i(char const *,int)" (?SetUniform1i@Material@@QAEXPBDH@Z)”中)导入
LINK : warning LNK4217: 符号“___glewUniform3f”(在“ glew.lib(glew.obj)”中定义)已由“material.obj”(函数“"public: void __thiscall Material::SetUniform3f(char const *,struct glm::vec<3,float,0>)" (?SetUniform3f@Material@@QAEXPBDU?$vec@$02M$0A@@glm@@@Z)”中)导入
LINK : warning LNK4217: 符号“___glewUniform4f”(在“ glew.lib(glew.obj)”中定义)已由“material.obj”(函数“"public: void __thiscall Material::SetUniform4f(char const *,struct glm::vec<4,float,0>)" (?SetUniform4f@Material@@QAEXPBDU?$vec@$03M$0A@@glm@@@Z)”中)导入
LINK : warning LNK4217: 符号“___glewActiveTexture”(在“ glew.lib(glew.obj)”中定义)已由“mesh.obj”(函数“"public: void __thiscall Mesh::Draw(class Material *)" (?Draw@Mesh@@QAEXPAVMaterial@@@Z)”中)导入
LINK : warning LNK4217: 符号“___glewBindBuffer”(在“ glew.lib(glew.obj)”中定义)已由“mesh.obj”(函数“"private: void __thiscall Mesh::setupMesh(void)" (?setupMesh@Mesh@@AAEXXZ)”中)导入
LINK : warning LNK4217: 符号“___glewBufferData”(在“ glew.lib(glew.obj)”中定义)已由“mesh.obj”(函数“"private: void __thiscall Mesh::setupMesh(void)" (?setupMesh@Mesh@@AAEXXZ)”中)导入
LINK : warning LNK4217: 符号“___glewGenBuffers”(在“ glew.lib(glew.obj)”中定义)已由“mesh.obj”(函数“"private: void __thiscall Mesh::setupMesh(void)" (?setupMesh@Mesh@@AAEXXZ)”中)导入
LINK : warning LNK4217: 符号“___glewEnableVertexAttribArray”(在“ glew.lib(glew.obj)”中定义)已由“mesh.obj”(函数“"private: void __thiscall Mesh::setupMesh(void)" (?setupMesh@Mesh@@AAEXXZ)”中)导入
LINK : warning LNK4217: 符号“___glewVertexAttribPointer”(在“ glew.lib(glew.obj)”中定义)已由“mesh.obj”(函数“"private: void __thiscall Mesh::setupMesh(void)" (?setupMesh@Mesh@@AAEXXZ)”中)导入
LINK : warning LNK4217: 符号“___glewBindVertexArray”(在“ glew.lib(glew.obj)”中定义)已由“mesh.obj”(函数“"public: void __thiscall Mesh::Draw(class Material *)" (?Draw@Mesh@@QAEXPAVMaterial@@@Z)”中)导入
LINK : warning LNK4217: 符号“___glewGenVertexArrays”(在“ glew.lib(glew.obj)”中定义)已由“mesh.obj”(函数“"private: void __thiscall Mesh::setupMesh(void)" (?setupMesh@Mesh@@AAEXXZ)”中)导入
LINK : warning LNK4217: 符号“___glewGenerateMipmap”(在“ glew.lib(glew.obj)”中定义)已由“model.obj”(函数“"private: unsigned int __thiscall Model::LoadTextureFromFile(char const *,class std::basic_string<char,struct std::char_traits<char>,class std::allocator<char> > const &)" (?LoadTextureFromFile@Model@@AAEIPBDABV?$basic_string@DU?$char_traits@D@std@@V?$allocator@D@2@@std@@@Z)”中)导入
glew.lib(glew.obj) : warning LNK4099: 未找到 PDB“vc110.pdb”(使用“glew.lib(glew.obj)”或在“C:\Users\52781\Desktop\graphics2020\22051150李浩雨\编程作业1\Debug\vc110.pdb”中寻找)；正在链接对象，如同没有调试信息一样
  homework_1.vcxproj -> C:\Users\52781\Desktop\graphics2020\22051150李浩雨\编程作业1\Debug\homework_1.exe
