  loadModeWithLightl.cpp
c:\program files (x86)\windows kits\10\include\10.0.17763.0\shared\minwindef.h(130): warning C4005: “APIENTRY”: 宏重定义
  d:\program files\visualstudio\vc\tools\msvc\14.16.27023\include\glfw\glfw3.h(123): note: 参见“APIENTRY”的前一个定义
d:\game\三维动画与交互技术\project03\project03\loadmodewithlightl.cpp(190): warning C4244: “=”: 从“double”转换到“GLfloat”，可能丢失数据
d:\game\三维动画与交互技术\project03\project03\loadmodewithlightl.cpp(191): warning C4244: “=”: 从“double”转换到“GLfloat”，可能丢失数据
d:\game\三维动画与交互技术\project03\project03\loadmodewithlightl.cpp(195): warning C4244: “初始化”: 从“double”转换到“GLfloat”，可能丢失数据
d:\game\三维动画与交互技术\project03\project03\loadmodewithlightl.cpp(196): warning C4244: “初始化”: 从“double”转换到“GLfloat”，可能丢失数据
d:\game\三维动画与交互技术\project03\project03\loadmodewithlightl.cpp(198): warning C4244: “=”: 从“double”转换到“GLfloat”，可能丢失数据
d:\game\三维动画与交互技术\project03\project03\loadmodewithlightl.cpp(199): warning C4244: “=”: 从“double”转换到“GLfloat”，可能丢失数据
d:\game\三维动画与交互技术\project03\project03\loadmodewithlightl.cpp(206): warning C4244: “参数”: 从“double”转换到“GLfloat”，可能丢失数据
  SOIL.lib(SOIL.obj) : 找到 MSIL .netmodule 或使用 /GL 编译的模块；正在使用 /LTCG 重新启动链接；将 /LTCG 添加到链接命令行以改进链接器性能
LINK : warning LNK4075: 忽略“/INCREMENTAL”(由于“/LTCG”规范)
LINK : warning LNK4098: 默认库“MSVCRT”与其他库的使用冲突；请使用 /NODEFAULTLIB:library
LINK : warning LNK4098: 默认库“LIBCMT”与其他库的使用冲突；请使用 /NODEFAULTLIB:library
  正在生成代码
  已完成代码的生成
SOIL.lib(SOIL.obj) : warning LNK4099: 未找到 PDB“vc110.pdb”(使用“SOIL.lib(SOIL.obj)”或在“D:\game\三维动画与交互技术\Project03\Debug\vc110.pdb”中寻找)；正在链接对象，如同没有调试信息一样
SOIL.lib(stb_image_aug.obj) : warning LNK4099: 未找到 PDB“vc110.pdb”(使用“SOIL.lib(stb_image_aug.obj)”或在“D:\game\三维动画与交互技术\Project03\Debug\vc110.pdb”中寻找)；正在链接对象，如同没有调试信息一样
SOIL.lib(image_helper.obj) : warning LNK4099: 未找到 PDB“vc110.pdb”(使用“SOIL.lib(image_helper.obj)”或在“D:\game\三维动画与交互技术\Project03\Debug\vc110.pdb”中寻找)；正在链接对象，如同没有调试信息一样
SOIL.lib(image_DXT.obj) : warning LNK4099: 未找到 PDB“vc110.pdb”(使用“SOIL.lib(image_DXT.obj)”或在“D:\game\三维动画与交互技术\Project03\Debug\vc110.pdb”中寻找)；正在链接对象，如同没有调试信息一样
glew32s.lib(glew.obj) : warning LNK4099: 未找到 PDB“vc110.pdb”(使用“glew32s.lib(glew.obj)”或在“D:\game\三维动画与交互技术\Project03\Debug\vc110.pdb”中寻找)；正在链接对象，如同没有调试信息一样
  Project03.vcxproj -> D:\game\三维动画与交互技术\Project03\Debug\Project03.exe
